<?xml version="1.0" encoding="UTF-8"?>
<!-- Generated by org.testng.reporters.JUnitXMLReporter -->
<testsuite ignored="0" hostname="DESKTOP-8VQ09FA" failures="0" tests="2" name="Body Tests With Simpe Map" time="0.564" errors="0" timestamp="2020-07-04T18:59:42 CEST">
  <testcase classname="com.WebApiAutomation.BodyTestWithSimpleMap" name="returnCorrectId" time="0.264"/>
  <testcase classname="com.WebApiAutomation.BodyTestWithSimpleMap" name="returnCorrectLogin" time="0.281"/>
</testsuite> <!-- Body Tests With Simpe Map -->
