<?xml version="1.0" encoding="UTF-8"?>
<!-- Generated by org.testng.reporters.JUnitXMLReporter -->
<testsuite ignored="0" hostname="DESKTOP-8VQ09FA" failures="0" tests="4" name="Body Tests With Jackson" time="1.585" errors="0" timestamp="2020-07-04T18:59:41 CEST">
  <testcase classname="com.WebApiAutomation.BodyTestWithJackson" name="correctRAteLimitsAreSet" time="0.532"/>
  <testcase classname="com.WebApiAutomation.BodyTestWithJackson" name="notFoundMassageIsCorrect" time="0.361"/>
  <testcase classname="com.WebApiAutomation.BodyTestWithJackson" name="returnCorrectId" time="0.421"/>
  <testcase classname="com.WebApiAutomation.BodyTestWithJackson" name="returnCorrectLogin" time="0.223"/>
</testsuite> <!-- Body Tests With Jackson -->
