<?xml version="1.0" encoding="UTF-8"?>
<!-- Generated by org.testng.reporters.JUnitXMLReporter -->
<testsuite ignored="0" hostname="DESKTOP-8VQ09FA" failures="2" tests="2" name="Delete and Post tests" time="0.831" errors="0" timestamp="2020-07-04T18:59:40 CEST">
  <testcase classname="com.WebApiAutomation.DeleteAndPost" name="createRepoReturns201" time="0.458">
    <failure type="java.lang.AssertionError" message="expected [201] but found [401]">
      <![CDATA[java.lang.AssertionError: expected [201] but found [401]
at com.WebApiAutomation.DeleteAndPost.createRepoReturns201(DeleteAndPost.java:58)
at java.base/java.util.ArrayList.forEach(ArrayList.java:1540)
... Removed 32 stack frames]]>
    </failure>
  </testcase> <!-- createRepoReturns201 -->
  <testcase classname="com.WebApiAutomation.DeleteAndPost" name="deleteIsSuccessful" time="0.349">
    <failure type="java.lang.AssertionError" message="expected [204] but found [401]">
      <![CDATA[java.lang.AssertionError: expected [204] but found [401]
at com.WebApiAutomation.DeleteAndPost.deleteIsSuccessful(DeleteAndPost.java:34)
at java.base/java.util.ArrayList.forEach(ArrayList.java:1540)
... Removed 32 stack frames]]>
    </failure>
  </testcase> <!-- deleteIsSuccessful -->
</testsuite> <!-- Delete and Post tests -->
