<?xml version="1.0" encoding="UTF-8"?>
<!-- Generated by org.testng.reporters.JUnitXMLReporter -->
<testsuite ignored="0" hostname="DESKTOP-8VQ09FA" failures="0" tests="3" name="Get 200 tests" time="2.59" errors="0" timestamp="2020-07-04T18:59:37 CEST">
  <testcase classname="com.WebApiAutomation.Get200" name="baseUrlReturns200" time="0.616"/>
  <testcase classname="com.WebApiAutomation.Get200" name="rateLimitReturns200" time="0.307"/>
  <testcase classname="com.WebApiAutomation.Get200" name="searchReposReturns200" time="1.307"/>
</testsuite> <!-- Get 200 tests -->
