<?xml version="1.0" encoding="UTF-8"?>
<!-- Generated by org.testng.reporters.JUnitXMLReporter -->
<testsuite ignored="0" hostname="DESKTOP-8VQ09FA" failures="0" tests="3" name="Get 401 tests" time="1.09" errors="0" timestamp="2020-07-04T18:59:38 CEST">
  <testcase classname="com.WebApiAutomation.Get401" name="userReturns401" time="0.374"/>
  <testcase classname="com.WebApiAutomation.Get401" name="userReturns401" time="0.356"/>
  <testcase classname="com.WebApiAutomation.Get401" name="userReturns401" time="0.328"/>
</testsuite> <!-- Get 401 tests -->
