<?xml version="1.0" encoding="UTF-8"?>
<testng-results ignored="0" total="16" passed="14" failed="2" skipped="0">
  <reporter-output>
  </reporter-output>
  <suite started-at="2020-07-04T18:59:34 CEST" name="Web Api tests" finished-at="2020-07-04T18:59:42 CEST" duration-ms="7520">
    <groups>
    </groups>
    <test started-at="2020-07-04T18:59:34 CEST" name="Get 200 tests" finished-at="2020-07-04T18:59:37 CEST" duration-ms="2590">
      <class name="com.WebApiAutomation.Get200">
        <test-method is-config="true" signature="setup()[pri:0, instance:com.WebApiAutomation.Get200@223f3642]" started-at="2020-07-04T18:59:34 CEST" name="setup" finished-at="2020-07-04T18:59:35 CEST" duration-ms="297" status="PASS">
          <reporter-output>
          </reporter-output>
        </test-method> <!-- setup -->
        <test-method signature="baseUrlReturns200()[pri:0, instance:com.WebApiAutomation.Get200@223f3642]" started-at="2020-07-04T18:59:35 CEST" name="baseUrlReturns200" finished-at="2020-07-04T18:59:35 CEST" duration-ms="616" status="PASS">
          <reporter-output>
          </reporter-output>
        </test-method> <!-- baseUrlReturns200 -->
        <test-method is-config="true" signature="closeResources()[pri:0, instance:com.WebApiAutomation.Get200@223f3642]" started-at="2020-07-04T18:59:35 CEST" name="closeResources" finished-at="2020-07-04T18:59:35 CEST" duration-ms="4" status="PASS">
          <reporter-output>
          </reporter-output>
        </test-method> <!-- closeResources -->
        <test-method is-config="true" signature="setup()[pri:0, instance:com.WebApiAutomation.Get200@223f3642]" started-at="2020-07-04T18:59:35 CEST" name="setup" finished-at="2020-07-04T18:59:35 CEST" duration-ms="2" status="PASS">
          <reporter-output>
          </reporter-output>
        </test-method> <!-- setup -->
        <test-method signature="rateLimitReturns200()[pri:0, instance:com.WebApiAutomation.Get200@223f3642]" started-at="2020-07-04T18:59:35 CEST" name="rateLimitReturns200" finished-at="2020-07-04T18:59:36 CEST" duration-ms="307" status="PASS">
          <reporter-output>
          </reporter-output>
        </test-method> <!-- rateLimitReturns200 -->
        <test-method is-config="true" signature="closeResources()[pri:0, instance:com.WebApiAutomation.Get200@223f3642]" started-at="2020-07-04T18:59:36 CEST" name="closeResources" finished-at="2020-07-04T18:59:36 CEST" duration-ms="1" status="PASS">
          <reporter-output>
          </reporter-output>
        </test-method> <!-- closeResources -->
        <test-method is-config="true" signature="setup()[pri:0, instance:com.WebApiAutomation.Get200@223f3642]" started-at="2020-07-04T18:59:36 CEST" name="setup" finished-at="2020-07-04T18:59:36 CEST" duration-ms="3" status="PASS">
          <reporter-output>
          </reporter-output>
        </test-method> <!-- setup -->
        <test-method signature="searchReposReturns200()[pri:0, instance:com.WebApiAutomation.Get200@223f3642]" started-at="2020-07-04T18:59:36 CEST" name="searchReposReturns200" finished-at="2020-07-04T18:59:37 CEST" duration-ms="1307" status="PASS">
          <reporter-output>
          </reporter-output>
        </test-method> <!-- searchReposReturns200 -->
        <test-method is-config="true" signature="closeResources()[pri:0, instance:com.WebApiAutomation.Get200@223f3642]" started-at="2020-07-04T18:59:37 CEST" name="closeResources" finished-at="2020-07-04T18:59:37 CEST" duration-ms="3" status="PASS">
          <reporter-output>
          </reporter-output>
        </test-method> <!-- closeResources -->
      </class> <!-- com.WebApiAutomation.Get200 -->
    </test> <!-- Get 200 tests -->
    <test started-at="2020-07-04T18:59:37 CEST" name="Get 401 tests" finished-at="2020-07-04T18:59:38 CEST" duration-ms="1090">
      <class name="com.WebApiAutomation.Get401">
        <test-method is-config="true" signature="setup()[pri:0, instance:com.WebApiAutomation.Get401@1ffe63b9]" started-at="2020-07-04T18:59:37 CEST" name="setup" finished-at="2020-07-04T18:59:37 CEST" duration-ms="2" status="PASS">
          <reporter-output>
          </reporter-output>
        </test-method> <!-- setup -->
        <test-method signature="userReturns401(java.lang.String)[pri:0, instance:com.WebApiAutomation.Get401@1ffe63b9]" started-at="2020-07-04T18:59:37 CEST" name="userReturns401" data-provider="endpoints" finished-at="2020-07-04T18:59:37 CEST" duration-ms="374" status="PASS">
          <params>
            <param index="0">
              <value>
                <![CDATA[user]]>
              </value>
            </param>
          </params>
          <reporter-output>
          </reporter-output>
        </test-method> <!-- userReturns401 -->
        <test-method is-config="true" signature="closeResources()[pri:0, instance:com.WebApiAutomation.Get401@1ffe63b9]" started-at="2020-07-04T18:59:37 CEST" name="closeResources" finished-at="2020-07-04T18:59:37 CEST" duration-ms="1" status="PASS">
          <reporter-output>
          </reporter-output>
        </test-method> <!-- closeResources -->
        <test-method is-config="true" signature="setup()[pri:0, instance:com.WebApiAutomation.Get401@1ffe63b9]" started-at="2020-07-04T18:59:37 CEST" name="setup" finished-at="2020-07-04T18:59:37 CEST" duration-ms="3" status="PASS">
          <reporter-output>
          </reporter-output>
        </test-method> <!-- setup -->
        <test-method signature="userReturns401(java.lang.String)[pri:0, instance:com.WebApiAutomation.Get401@1ffe63b9]" started-at="2020-07-04T18:59:37 CEST" name="userReturns401" data-provider="endpoints" finished-at="2020-07-04T18:59:38 CEST" duration-ms="356" status="PASS">
          <params>
            <param index="0">
              <value>
                <![CDATA[user/followers]]>
              </value>
            </param>
          </params>
          <reporter-output>
          </reporter-output>
        </test-method> <!-- userReturns401 -->
        <test-method is-config="true" signature="closeResources()[pri:0, instance:com.WebApiAutomation.Get401@1ffe63b9]" started-at="2020-07-04T18:59:38 CEST" name="closeResources" finished-at="2020-07-04T18:59:38 CEST" duration-ms="2" status="PASS">
          <reporter-output>
          </reporter-output>
        </test-method> <!-- closeResources -->
        <test-method is-config="true" signature="setup()[pri:0, instance:com.WebApiAutomation.Get401@1ffe63b9]" started-at="2020-07-04T18:59:38 CEST" name="setup" finished-at="2020-07-04T18:59:38 CEST" duration-ms="4" status="PASS">
          <reporter-output>
          </reporter-output>
        </test-method> <!-- setup -->
        <test-method signature="userReturns401(java.lang.String)[pri:0, instance:com.WebApiAutomation.Get401@1ffe63b9]" started-at="2020-07-04T18:59:38 CEST" name="userReturns401" data-provider="endpoints" finished-at="2020-07-04T18:59:38 CEST" duration-ms="328" status="PASS">
          <params>
            <param index="0">
              <value>
                <![CDATA[notifications]]>
              </value>
            </param>
          </params>
          <reporter-output>
          </reporter-output>
        </test-method> <!-- userReturns401 -->
        <test-method is-config="true" signature="closeResources()[pri:0, instance:com.WebApiAutomation.Get401@1ffe63b9]" started-at="2020-07-04T18:59:38 CEST" name="closeResources" finished-at="2020-07-04T18:59:38 CEST" duration-ms="2" status="PASS">
          <reporter-output>
          </reporter-output>
        </test-method> <!-- closeResources -->
      </class> <!-- com.WebApiAutomation.Get401 -->
    </test> <!-- Get 401 tests -->
    <test started-at="2020-07-04T18:59:38 CEST" name="Get 404 tests" finished-at="2020-07-04T18:59:39 CEST" duration-ms="362">
      <class name="com.WebApiAutomation.Get404">
        <test-method is-config="true" signature="setup()[pri:0, instance:com.WebApiAutomation.Get404@6d2a209c]" started-at="2020-07-04T18:59:38 CEST" name="setup" finished-at="2020-07-04T18:59:38 CEST" duration-ms="3" status="PASS">
          <reporter-output>
          </reporter-output>
        </test-method> <!-- setup -->
        <test-method signature="notEistingUrlReturns404()[pri:0, instance:com.WebApiAutomation.Get404@6d2a209c]" started-at="2020-07-04T18:59:38 CEST" name="notEistingUrlReturns404" finished-at="2020-07-04T18:59:39 CEST" duration-ms="352" status="PASS">
          <reporter-output>
          </reporter-output>
        </test-method> <!-- notEistingUrlReturns404 -->
        <test-method is-config="true" signature="closeResources()[pri:0, instance:com.WebApiAutomation.Get404@6d2a209c]" started-at="2020-07-04T18:59:39 CEST" name="closeResources" finished-at="2020-07-04T18:59:39 CEST" duration-ms="1" status="PASS">
          <reporter-output>
          </reporter-output>
        </test-method> <!-- closeResources -->
      </class> <!-- com.WebApiAutomation.Get404 -->
    </test> <!-- Get 404 tests -->
    <test started-at="2020-07-04T18:59:39 CEST" name="Options 204  tests" finished-at="2020-07-04T18:59:39 CEST" duration-ms="332">
      <class name="com.WebApiAutomation.Options204">
        <test-method is-config="true" signature="setup()[pri:0, instance:com.WebApiAutomation.Options204@1f0f1111]" started-at="2020-07-04T18:59:39 CEST" name="setup" finished-at="2020-07-04T18:59:39 CEST" duration-ms="3" status="PASS">
          <reporter-output>
          </reporter-output>
        </test-method> <!-- setup -->
        <test-method signature="optionsReturnsCorrectMethodsList()[pri:0, instance:com.WebApiAutomation.Options204@1f0f1111]" started-at="2020-07-04T18:59:39 CEST" name="optionsReturnsCorrectMethodsList" finished-at="2020-07-04T18:59:39 CEST" duration-ms="317" status="PASS">
          <reporter-output>
          </reporter-output>
        </test-method> <!-- optionsReturnsCorrectMethodsList -->
        <test-method is-config="true" signature="closeResources()[pri:0, instance:com.WebApiAutomation.Options204@1f0f1111]" started-at="2020-07-04T18:59:39 CEST" name="closeResources" finished-at="2020-07-04T18:59:39 CEST" duration-ms="3" status="PASS">
          <reporter-output>
          </reporter-output>
        </test-method> <!-- closeResources -->
      </class> <!-- com.WebApiAutomation.Options204 -->
    </test> <!-- Options 204  tests -->
    <test started-at="2020-07-04T18:59:39 CEST" name="Delete and Post tests" finished-at="2020-07-04T18:59:40 CEST" duration-ms="831">
      <class name="com.WebApiAutomation.DeleteAndPost">
        <test-method is-config="true" signature="setup()[pri:0, instance:com.WebApiAutomation.DeleteAndPost@5cee5251]" started-at="2020-07-04T18:59:39 CEST" name="setup" finished-at="2020-07-04T18:59:39 CEST" duration-ms="6" status="PASS">
          <reporter-output>
          </reporter-output>
        </test-method> <!-- setup -->
        <test-method signature="createRepoReturns201()[pri:0, instance:com.WebApiAutomation.DeleteAndPost@5cee5251]" started-at="2020-07-04T18:59:39 CEST" name="createRepoReturns201" finished-at="2020-07-04T18:59:39 CEST" duration-ms="458" status="FAIL">
          <exception class="java.lang.AssertionError">
            <message>
              <![CDATA[expected [201] but found [401]]]>
            </message>
            <full-stacktrace>
              <![CDATA[java.lang.AssertionError: expected [201] but found [401]
at org.testng.Assert.fail(Assert.java:97)
at org.testng.Assert.assertEqualsImpl(Assert.java:136)
at org.testng.Assert.assertEquals(Assert.java:118)
at org.testng.Assert.assertEquals(Assert.java:839)
at org.testng.Assert.assertEquals(Assert.java:849)
at com.WebApiAutomation.DeleteAndPost.createRepoReturns201(DeleteAndPost.java:58)
at java.base/jdk.internal.reflect.NativeMethodAccessorImpl.invoke0(Native Method)
at java.base/jdk.internal.reflect.NativeMethodAccessorImpl.invoke(NativeMethodAccessorImpl.java:62)
at java.base/jdk.internal.reflect.DelegatingMethodAccessorImpl.invoke(DelegatingMethodAccessorImpl.java:43)
at java.base/java.lang.reflect.Method.invoke(Method.java:567)
at org.testng.internal.MethodInvocationHelper.invokeMethod(MethodInvocationHelper.java:135)
at org.testng.internal.TestInvoker.invokeMethod(TestInvoker.java:598)
at org.testng.internal.TestInvoker.invokeTestMethod(TestInvoker.java:174)
at org.testng.internal.MethodRunner.runInSequence(MethodRunner.java:46)
at org.testng.internal.TestInvoker$MethodInvocationAgent.invoke(TestInvoker.java:821)
at org.testng.internal.TestInvoker.invokeTestMethods(TestInvoker.java:147)
at org.testng.internal.TestMethodWorker.invokeTestMethods(TestMethodWorker.java:146)
at org.testng.internal.TestMethodWorker.run(TestMethodWorker.java:128)
at java.base/java.util.ArrayList.forEach(ArrayList.java:1540)
at org.testng.TestRunner.privateRun(TestRunner.java:767)
at org.testng.TestRunner.run(TestRunner.java:588)
at org.testng.SuiteRunner.runTest(SuiteRunner.java:384)
at org.testng.SuiteRunner.runSequentially(SuiteRunner.java:378)
at org.testng.SuiteRunner.privateRun(SuiteRunner.java:337)
at org.testng.SuiteRunner.run(SuiteRunner.java:286)
at org.testng.SuiteRunnerWorker.runSuite(SuiteRunnerWorker.java:53)
at org.testng.SuiteRunnerWorker.run(SuiteRunnerWorker.java:96)
at org.testng.TestNG.runSuitesSequentially(TestNG.java:1214)
at org.testng.TestNG.runSuitesLocally(TestNG.java:1136)
at org.testng.TestNG.runSuites(TestNG.java:1066)
at org.testng.TestNG.run(TestNG.java:1034)
at org.testng.remote.AbstractRemoteTestNG.run(AbstractRemoteTestNG.java:115)
at org.testng.remote.RemoteTestNG.initAndRun(RemoteTestNG.java:251)
at org.testng.remote.RemoteTestNG.main(RemoteTestNG.java:77)
]]>
            </full-stacktrace>
          </exception> <!-- java.lang.AssertionError -->
          <reporter-output>
          </reporter-output>
        </test-method> <!-- createRepoReturns201 -->
        <test-method is-config="true" signature="closeResources()[pri:0, instance:com.WebApiAutomation.DeleteAndPost@5cee5251]" started-at="2020-07-04T18:59:39 CEST" name="closeResources" finished-at="2020-07-04T18:59:39 CEST" duration-ms="2" status="PASS">
          <reporter-output>
          </reporter-output>
        </test-method> <!-- closeResources -->
        <test-method is-config="true" signature="setup()[pri:0, instance:com.WebApiAutomation.DeleteAndPost@5cee5251]" started-at="2020-07-04T18:59:39 CEST" name="setup" finished-at="2020-07-04T18:59:39 CEST" duration-ms="4" status="PASS">
          <reporter-output>
          </reporter-output>
        </test-method> <!-- setup -->
        <test-method signature="deleteIsSuccessful()[pri:0, instance:com.WebApiAutomation.DeleteAndPost@5cee5251]" started-at="2020-07-04T18:59:39 CEST" name="deleteIsSuccessful" finished-at="2020-07-04T18:59:40 CEST" duration-ms="349" status="FAIL">
          <exception class="java.lang.AssertionError">
            <message>
              <![CDATA[expected [204] but found [401]]]>
            </message>
            <full-stacktrace>
              <![CDATA[java.lang.AssertionError: expected [204] but found [401]
at org.testng.Assert.fail(Assert.java:97)
at org.testng.Assert.assertEqualsImpl(Assert.java:136)
at org.testng.Assert.assertEquals(Assert.java:118)
at org.testng.Assert.assertEquals(Assert.java:839)
at org.testng.Assert.assertEquals(Assert.java:849)
at com.WebApiAutomation.DeleteAndPost.deleteIsSuccessful(DeleteAndPost.java:34)
at java.base/jdk.internal.reflect.NativeMethodAccessorImpl.invoke0(Native Method)
at java.base/jdk.internal.reflect.NativeMethodAccessorImpl.invoke(NativeMethodAccessorImpl.java:62)
at java.base/jdk.internal.reflect.DelegatingMethodAccessorImpl.invoke(DelegatingMethodAccessorImpl.java:43)
at java.base/java.lang.reflect.Method.invoke(Method.java:567)
at org.testng.internal.MethodInvocationHelper.invokeMethod(MethodInvocationHelper.java:135)
at org.testng.internal.TestInvoker.invokeMethod(TestInvoker.java:598)
at org.testng.internal.TestInvoker.invokeTestMethod(TestInvoker.java:174)
at org.testng.internal.MethodRunner.runInSequence(MethodRunner.java:46)
at org.testng.internal.TestInvoker$MethodInvocationAgent.invoke(TestInvoker.java:821)
at org.testng.internal.TestInvoker.invokeTestMethods(TestInvoker.java:147)
at org.testng.internal.TestMethodWorker.invokeTestMethods(TestMethodWorker.java:146)
at org.testng.internal.TestMethodWorker.run(TestMethodWorker.java:128)
at java.base/java.util.ArrayList.forEach(ArrayList.java:1540)
at org.testng.TestRunner.privateRun(TestRunner.java:767)
at org.testng.TestRunner.run(TestRunner.java:588)
at org.testng.SuiteRunner.runTest(SuiteRunner.java:384)
at org.testng.SuiteRunner.runSequentially(SuiteRunner.java:378)
at org.testng.SuiteRunner.privateRun(SuiteRunner.java:337)
at org.testng.SuiteRunner.run(SuiteRunner.java:286)
at org.testng.SuiteRunnerWorker.runSuite(SuiteRunnerWorker.java:53)
at org.testng.SuiteRunnerWorker.run(SuiteRunnerWorker.java:96)
at org.testng.TestNG.runSuitesSequentially(TestNG.java:1214)
at org.testng.TestNG.runSuitesLocally(TestNG.java:1136)
at org.testng.TestNG.runSuites(TestNG.java:1066)
at org.testng.TestNG.run(TestNG.java:1034)
at org.testng.remote.AbstractRemoteTestNG.run(AbstractRemoteTestNG.java:115)
at org.testng.remote.RemoteTestNG.initAndRun(RemoteTestNG.java:251)
at org.testng.remote.RemoteTestNG.main(RemoteTestNG.java:77)
]]>
            </full-stacktrace>
          </exception> <!-- java.lang.AssertionError -->
          <reporter-output>
          </reporter-output>
        </test-method> <!-- deleteIsSuccessful -->
        <test-method is-config="true" signature="closeResources()[pri:0, instance:com.WebApiAutomation.DeleteAndPost@5cee5251]" started-at="2020-07-04T18:59:40 CEST" name="closeResources" finished-at="2020-07-04T18:59:40 CEST" duration-ms="1" status="PASS">
          <reporter-output>
          </reporter-output>
        </test-method> <!-- closeResources -->
      </class> <!-- com.WebApiAutomation.DeleteAndPost -->
    </test> <!-- Delete and Post tests -->
    <test started-at="2020-07-04T18:59:40 CEST" name="Body Tests With Jackson" finished-at="2020-07-04T18:59:41 CEST" duration-ms="1585">
      <class name="com.WebApiAutomation.BodyTestWithJackson">
        <test-method is-config="true" signature="setup()[pri:0, instance:com.WebApiAutomation.BodyTestWithJackson@3c22fc4c]" started-at="2020-07-04T18:59:40 CEST" name="setup" finished-at="2020-07-04T18:59:40 CEST" duration-ms="2" status="PASS">
          <reporter-output>
          </reporter-output>
        </test-method> <!-- setup -->
        <test-method signature="correctRAteLimitsAreSet()[pri:0, instance:com.WebApiAutomation.BodyTestWithJackson@3c22fc4c]" started-at="2020-07-04T18:59:40 CEST" name="correctRAteLimitsAreSet" finished-at="2020-07-04T18:59:40 CEST" duration-ms="532" status="PASS">
          <reporter-output>
          </reporter-output>
        </test-method> <!-- correctRAteLimitsAreSet -->
        <test-method is-config="true" signature="closeResources()[pri:0, instance:com.WebApiAutomation.BodyTestWithJackson@3c22fc4c]" started-at="2020-07-04T18:59:40 CEST" name="closeResources" finished-at="2020-07-04T18:59:40 CEST" duration-ms="2" status="PASS">
          <reporter-output>
          </reporter-output>
        </test-method> <!-- closeResources -->
        <test-method is-config="true" signature="setup()[pri:0, instance:com.WebApiAutomation.BodyTestWithJackson@3c22fc4c]" started-at="2020-07-04T18:59:40 CEST" name="setup" finished-at="2020-07-04T18:59:40 CEST" duration-ms="2" status="PASS">
          <reporter-output>
          </reporter-output>
        </test-method> <!-- setup -->
        <test-method signature="notFoundMassageIsCorrect()[pri:0, instance:com.WebApiAutomation.BodyTestWithJackson@3c22fc4c]" started-at="2020-07-04T18:59:40 CEST" name="notFoundMassageIsCorrect" finished-at="2020-07-04T18:59:41 CEST" duration-ms="361" status="PASS">
          <reporter-output>
          </reporter-output>
        </test-method> <!-- notFoundMassageIsCorrect -->
        <test-method is-config="true" signature="closeResources()[pri:0, instance:com.WebApiAutomation.BodyTestWithJackson@3c22fc4c]" started-at="2020-07-04T18:59:41 CEST" name="closeResources" finished-at="2020-07-04T18:59:41 CEST" duration-ms="3" status="PASS">
          <reporter-output>
          </reporter-output>
        </test-method> <!-- closeResources -->
        <test-method is-config="true" signature="setup()[pri:0, instance:com.WebApiAutomation.BodyTestWithJackson@3c22fc4c]" started-at="2020-07-04T18:59:41 CEST" name="setup" finished-at="2020-07-04T18:59:41 CEST" duration-ms="9" status="PASS">
          <reporter-output>
          </reporter-output>
        </test-method> <!-- setup -->
        <test-method signature="returnCorrectId()[pri:0, instance:com.WebApiAutomation.BodyTestWithJackson@3c22fc4c]" started-at="2020-07-04T18:59:41 CEST" name="returnCorrectId" finished-at="2020-07-04T18:59:41 CEST" duration-ms="421" status="PASS">
          <reporter-output>
          </reporter-output>
        </test-method> <!-- returnCorrectId -->
        <test-method is-config="true" signature="closeResources()[pri:0, instance:com.WebApiAutomation.BodyTestWithJackson@3c22fc4c]" started-at="2020-07-04T18:59:41 CEST" name="closeResources" finished-at="2020-07-04T18:59:41 CEST" duration-ms="3" status="PASS">
          <reporter-output>
          </reporter-output>
        </test-method> <!-- closeResources -->
        <test-method is-config="true" signature="setup()[pri:0, instance:com.WebApiAutomation.BodyTestWithJackson@3c22fc4c]" started-at="2020-07-04T18:59:41 CEST" name="setup" finished-at="2020-07-04T18:59:41 CEST" duration-ms="7" status="PASS">
          <reporter-output>
          </reporter-output>
        </test-method> <!-- setup -->
        <test-method signature="returnCorrectLogin()[pri:0, instance:com.WebApiAutomation.BodyTestWithJackson@3c22fc4c]" started-at="2020-07-04T18:59:41 CEST" name="returnCorrectLogin" finished-at="2020-07-04T18:59:41 CEST" duration-ms="223" status="PASS">
          <reporter-output>
          </reporter-output>
        </test-method> <!-- returnCorrectLogin -->
        <test-method is-config="true" signature="closeResources()[pri:0, instance:com.WebApiAutomation.BodyTestWithJackson@3c22fc4c]" started-at="2020-07-04T18:59:41 CEST" name="closeResources" finished-at="2020-07-04T18:59:41 CEST" duration-ms="1" status="PASS">
          <reporter-output>
          </reporter-output>
        </test-method> <!-- closeResources -->
      </class> <!-- com.WebApiAutomation.BodyTestWithJackson -->
    </test> <!-- Body Tests With Jackson -->
    <test started-at="2020-07-04T18:59:41 CEST" name="Body Tests With Simpe Map" finished-at="2020-07-04T18:59:42 CEST" duration-ms="564">
      <class name="com.WebApiAutomation.BodyTestWithSimpleMap">
        <test-method is-config="true" signature="setup()[pri:0, instance:com.WebApiAutomation.BodyTestWithSimpleMap@1c93084c]" started-at="2020-07-04T18:59:41 CEST" name="setup" finished-at="2020-07-04T18:59:41 CEST" duration-ms="3" status="PASS">
          <reporter-output>
          </reporter-output>
        </test-method> <!-- setup -->
        <test-method signature="returnCorrectId()[pri:0, instance:com.WebApiAutomation.BodyTestWithSimpleMap@1c93084c]" started-at="2020-07-04T18:59:41 CEST" name="returnCorrectId" finished-at="2020-07-04T18:59:42 CEST" duration-ms="264" status="PASS">
          <reporter-output>
          </reporter-output>
        </test-method> <!-- returnCorrectId -->
        <test-method is-config="true" signature="closeResources()[pri:0, instance:com.WebApiAutomation.BodyTestWithSimpleMap@1c93084c]" started-at="2020-07-04T18:59:42 CEST" name="closeResources" finished-at="2020-07-04T18:59:42 CEST" duration-ms="1" status="PASS">
          <reporter-output>
          </reporter-output>
        </test-method> <!-- closeResources -->
        <test-method is-config="true" signature="setup()[pri:0, instance:com.WebApiAutomation.BodyTestWithSimpleMap@1c93084c]" started-at="2020-07-04T18:59:42 CEST" name="setup" finished-at="2020-07-04T18:59:42 CEST" duration-ms="3" status="PASS">
          <reporter-output>
          </reporter-output>
        </test-method> <!-- setup -->
        <test-method signature="returnCorrectLogin()[pri:0, instance:com.WebApiAutomation.BodyTestWithSimpleMap@1c93084c]" started-at="2020-07-04T18:59:42 CEST" name="returnCorrectLogin" finished-at="2020-07-04T18:59:42 CEST" duration-ms="281" status="PASS">
          <reporter-output>
          </reporter-output>
        </test-method> <!-- returnCorrectLogin -->
        <test-method is-config="true" signature="closeResources()[pri:0, instance:com.WebApiAutomation.BodyTestWithSimpleMap@1c93084c]" started-at="2020-07-04T18:59:42 CEST" name="closeResources" finished-at="2020-07-04T18:59:42 CEST" duration-ms="4" status="PASS">
          <reporter-output>
          </reporter-output>
        </test-method> <!-- closeResources -->
      </class> <!-- com.WebApiAutomation.BodyTestWithSimpleMap -->
    </test> <!-- Body Tests With Simpe Map -->
  </suite> <!-- Web Api tests -->
</testng-results>
